<?xml version="1.0" encoding="UTF-8"?>
<!-- Generated by org.testng.reporters.JUnitReportReporter -->
<testsuite hostname="DELL-PC" name="com.DragAndDrop" tests="1" failures="0" timestamp="11 Nov 2019 11:00:44 GMT" time="0.000" errors="1">
  <testcase name="MouseHoverAction" time="0.000" classname="com.DragAndDrop">
    <error type="org.openqa.selenium.SessionNotCreatedException" message="session not created: This version of ChromeDriver only supports Chrome version 75
Build info: version: &#039;3.141.59&#039;, revision: &#039;e82be7d358&#039;, time: &#039;2018-11-14T08:25:53&#039;
System info: host: &#039;DELL-PC&#039;, ip: &#039;192.168.73.1&#039;, os.name: &#039;Windows 7&#039;, os.arch: &#039;amd64&#039;, os.version: &#039;6.1&#039;, java.version: &#039;1.8.0_221&#039;
Driver info: driver.version: ChromeDriver
remote stacktrace: Backtrace:
	Ordinal0 [0x00CC1B23+1448739]
	Ordinal0 [0x00C45A11+940561]
	Ordinal0 [0x00BD2293+467603]
	Ordinal0 [0x00B6F27E+62078]
	Ordinal0 [0x00B6BBBD+48061]
	Ordinal0 [0x00B88D19+167193]
	Ordinal0 [0x00B888ED+166125]
	Ordinal0 [0x00B86FFB+159739]
	Ordinal0 [0x00B709F6+68086]
	Ordinal0 [0x00B71990+72080]
	Ordinal0 [0x00B71929+71977]
	GetHandleVerifier [0x00E02E4C+1172140]
	GetHandleVerifier [0x00D5FE35+504469]
	GetHandleVerifier [0x00D5FBD0+503856]
	Ordinal0 [0x00CCC9A8+1493416]
	GetHandleVerifier [0x00D6060A+506474]
	Ordinal0 [0x00C57136+1012022]
	Ordinal0 [0x00C56FAF+1011631]
	Ordinal0 [0x00C6133B+1053499]
	Ordinal0 [0x00C614A3+1053859]
	Ordinal0 [0x00C604D5+1049813]
	BaseThreadInitThunk [0x7591336A+18]
	RtlInitializeExceptionChain [0x77E298F2+99]
	RtlInitializeExceptionChain [0x77E298C5+54]
">
      <![CDATA[org.openqa.selenium.SessionNotCreatedException: session not created: This version of ChromeDriver only supports Chrome version 75
Build info: version: '3.141.59', revision: 'e82be7d358', time: '2018-11-14T08:25:53'
System info: host: 'DELL-PC', ip: '192.168.73.1', os.name: 'Windows 7', os.arch: 'amd64', os.version: '6.1', java.version: '1.8.0_221'
Driver info: driver.version: ChromeDriver
remote stacktrace: Backtrace:
	Ordinal0 [0x00CC1B23+1448739]
	Ordinal0 [0x00C45A11+940561]
	Ordinal0 [0x00BD2293+467603]
	Ordinal0 [0x00B6F27E+62078]
	Ordinal0 [0x00B6BBBD+48061]
	Ordinal0 [0x00B88D19+167193]
	Ordinal0 [0x00B888ED+166125]
	Ordinal0 [0x00B86FFB+159739]
	Ordinal0 [0x00B709F6+68086]
	Ordinal0 [0x00B71990+72080]
	Ordinal0 [0x00B71929+71977]
	GetHandleVerifier [0x00E02E4C+1172140]
	GetHandleVerifier [0x00D5FE35+504469]
	GetHandleVerifier [0x00D5FBD0+503856]
	Ordinal0 [0x00CCC9A8+1493416]
	GetHandleVerifier [0x00D6060A+506474]
	Ordinal0 [0x00C57136+1012022]
	Ordinal0 [0x00C56FAF+1011631]
	Ordinal0 [0x00C6133B+1053499]
	Ordinal0 [0x00C614A3+1053859]
	Ordinal0 [0x00C604D5+1049813]
	BaseThreadInitThunk [0x7591336A+18]
	RtlInitializeExceptionChain [0x77E298F2+99]
	RtlInitializeExceptionChain [0x77E298C5+54]

	at sun.reflect.NativeConstructorAccessorImpl.newInstance0(Native Method)
	at sun.reflect.NativeConstructorAccessorImpl.newInstance(Unknown Source)
	at sun.reflect.DelegatingConstructorAccessorImpl.newInstance(Unknown Source)
	at java.lang.reflect.Constructor.newInstance(Unknown Source)
	at org.openqa.selenium.remote.W3CHandshakeResponse.lambda$errorHandler$0(W3CHandshakeResponse.java:62)
	at org.openqa.selenium.remote.HandshakeResponse.lambda$getResponseFunction$0(HandshakeResponse.java:30)
	at org.openqa.selenium.remote.ProtocolHandshake.lambda$createSession$0(ProtocolHandshake.java:126)
	at java.util.stream.ReferencePipeline$3$1.accept(Unknown Source)
	at java.util.Spliterators$ArraySpliterator.tryAdvance(Unknown Source)
	at java.util.stream.ReferencePipeline.forEachWithCancel(Unknown Source)
	at java.util.stream.AbstractPipeline.copyIntoWithCancel(Unknown Source)
	at java.util.stream.AbstractPipeline.copyInto(Unknown Source)
	at java.util.stream.AbstractPipeline.wrapAndCopyInto(Unknown Source)
	at java.util.stream.FindOps$FindOp.evaluateSequential(Unknown Source)
	at java.util.stream.AbstractPipeline.evaluate(Unknown Source)
	at java.util.stream.ReferencePipeline.findFirst(Unknown Source)
	at org.openqa.selenium.remote.ProtocolHandshake.createSession(ProtocolHandshake.java:128)
	at org.openqa.selenium.remote.ProtocolHandshake.createSession(ProtocolHandshake.java:74)
	at org.openqa.selenium.remote.HttpCommandExecutor.execute(HttpCommandExecutor.java:136)
	at org.openqa.selenium.remote.service.DriverCommandExecutor.execute(DriverCommandExecutor.java:83)
	at org.openqa.selenium.remote.RemoteWebDriver.execute(RemoteWebDriver.java:552)
	at org.openqa.selenium.remote.RemoteWebDriver.startSession(RemoteWebDriver.java:213)
	at org.openqa.selenium.remote.RemoteWebDriver.<init>(RemoteWebDriver.java:131)
	at org.openqa.selenium.chrome.ChromeDriver.<init>(ChromeDriver.java:181)
	at org.openqa.selenium.chrome.ChromeDriver.<init>(ChromeDriver.java:168)
	at org.openqa.selenium.chrome.ChromeDriver.<init>(ChromeDriver.java:123)
	at com.Base.beforeClass(Base.java:15)
	at sun.reflect.NativeMethodAccessorImpl.invoke0(Native Method)
	at sun.reflect.NativeMethodAccessorImpl.invoke(Unknown Source)
	at sun.reflect.DelegatingMethodAccessorImpl.invoke(Unknown Source)
	at java.lang.reflect.Method.invoke(Unknown Source)
	at org.testng.internal.MethodInvocationHelper.invokeMethod(MethodInvocationHelper.java:86)
	at org.testng.internal.Invoker.invokeConfigurationMethod(Invoker.java:514)
	at org.testng.internal.Invoker.invokeConfigurations(Invoker.java:215)
	at org.testng.internal.Invoker.invokeConfigurations(Invoker.java:142)
	at org.testng.internal.TestMethodWorker.invokeBeforeClassMethods(TestMethodWorker.java:178)
	at org.testng.internal.TestMethodWorker.run(TestMethodWorker.java:108)
	at org.testng.TestRunner.privateRun(TestRunner.java:782)
	at org.testng.TestRunner.run(TestRunner.java:632)
	at org.testng.SuiteRunner.runTest(SuiteRunner.java:366)
	at org.testng.SuiteRunner.runSequentially(SuiteRunner.java:361)
	at org.testng.SuiteRunner.privateRun(SuiteRunner.java:319)
	at org.testng.SuiteRunner.run(SuiteRunner.java:268)
	at org.testng.SuiteRunnerWorker.runSuite(SuiteRunnerWorker.java:52)
	at org.testng.SuiteRunnerWorker.run(SuiteRunnerWorker.java:86)
	at org.testng.TestNG.runSuitesSequentially(TestNG.java:1244)
	at org.testng.TestNG.runSuitesLocally(TestNG.java:1169)
	at org.testng.TestNG.run(TestNG.java:1064)
	at org.testng.remote.RemoteTestNG.run(RemoteTestNG.java:113)
	at org.testng.remote.RemoteTestNG.initAndRun(RemoteTestNG.java:206)
	at org.testng.remote.RemoteTestNG.main(RemoteTestNG.java:177)
]]>
    </error>
  </testcase> <!-- MouseHoverAction -->
</testsuite> <!-- com.DragAndDrop -->
